{
  "RSpec": {
    "coverage": {
      "/home/alain/Bureau/Project_bamana/backend_rails/app/controllers/application_controller.rb": {
        "lines": [
          0,
          null,
          0,
          0,
          null,
          null,
          0,
          0,
          0,
          null,
          0,
          0,
          0,
          0,
          0,
          0,
          0,
          0,
          0,
          0,
          0,
          null,
          0,
          0,
          0,
          0,
          0,
          0,
          null,
          0,
          0,
          0,
          0,
          0,
          0,
          0,
          0
        ],
        "branches": {}
      },
      "/home/alain/Bureau/Project_bamana/backend_rails/app/controllers/auth_controller.rb": {
        "lines": [
          0,
          0,
          0,
          0,
          null,
          0,
          0,
          0,
          0,
          0,
          0,
          0,
          0,
          0,
          0,
          0,
          null,
          0,
          0,
          0,
          null,
          0,
          0,
          0,
          0,
          0,
          0,
          0,
          0,
          0,
          0,
          0,
          0,
          null,
          0,
          0,
          0,
          0,
          0,
          0,
          0,
          0,
          0,
          null,
          0,
          0,
          0,
          0,
          null,
          0,
          0,
          0,
          null,
          0,
          0,
          0,
          null,
          0,
          0,
          0,
          0
        ],
        "branches": {}
      },
      "/home/alain/Bureau/Project_bamana/backend_rails/app/controllers/home_controller.rb": {
        "lines": [
          0,
          0,
          0,
          0,
          null,
          0,
          0,
          null,
          0,
          0,
          0
        ],
        "branches": {}
      },
      "/home/alain/Bureau/Project_bamana/backend_rails/app/controllers/model_exes_controller.rb": {
        "lines": [
          0,
          0
        ],
        "branches": {}
      },
      "/home/alain/Bureau/Project_bamana/backend_rails/app/controllers/posts_controller.rb": {
        "lines": [
          0,
          0,
          0,
          0,
          null,
          0,
          null,
          0,
          0,
          0,
          0,
          0,
          null,
          0,
          0,
          0,
          null,
          0,
          null,
          0,
          0,
          0,
          null,
          null,
          0,
          null,
          0,
          0,
          0,
          0,
          null,
          0,
          0,
          0,
          0,
          0,
          0,
          0,
          0,
          0,
          null,
          0,
          0,
          0,
          0,
          0,
          0,
          0,
          null,
          0,
          0,
          0,
          0,
          null,
          0,
          null,
          0,
          0,
          0,
          0,
          0,
          0,
          0,
          null,
          0,
          0,
          0,
          null,
          0,
          0,
          0,
          null,
          0,
          0,
          0,
          0
        ],
        "branches": {}
      },
      "/home/alain/Bureau/Project_bamana/backend_rails/app/helpers/application_helper.rb": {
        "lines": [
          0,
          0
        ],
        "branches": {}
      },
      "/home/alain/Bureau/Project_bamana/backend_rails/app/helpers/auth_helper.rb": {
        "lines": [
          0,
          0
        ],
        "branches": {}
      },
      "/home/alain/Bureau/Project_bamana/backend_rails/app/helpers/home_helper.rb": {
        "lines": [
          0,
          0
        ],
        "branches": {}
      },
      "/home/alain/Bureau/Project_bamana/backend_rails/app/helpers/model_exes_helper.rb": {
        "lines": [
          0,
          0
        ],
        "branches": {}
      },
      "/home/alain/Bureau/Project_bamana/backend_rails/app/helpers/posts_helper.rb": {
        "lines": [
          0,
          0
        ],
        "branches": {}
      },
      "/home/alain/Bureau/Project_bamana/backend_rails/app/jobs/application_job.rb": {
        "lines": [
          0,
          null,
          null,
          null,
          null,
          null,
          0
        ],
        "branches": {}
      },
      "/home/alain/Bureau/Project_bamana/backend_rails/app/mailers/application_mailer.rb": {
        "lines": [
          0,
          0,
          0,
          0
        ],
        "branches": {}
      },
      "/home/alain/Bureau/Project_bamana/backend_rails/app/models/application_record.rb": {
        "lines": [
          0,
          0,
          0
        ],
        "branches": {}
      },
      "/home/alain/Bureau/Project_bamana/backend_rails/app/models/model_ex.rb": {
        "lines": [
          0,
          0
        ],
        "branches": {}
      },
      "/home/alain/Bureau/Project_bamana/backend_rails/app/models/post.rb": {
        "lines": [
          0,
          0,
          null,
          0,
          0,
          null,
          0,
          0
        ],
        "branches": {}
      },
      "/home/alain/Bureau/Project_bamana/backend_rails/app/models/token_rev.rb": {
        "lines": [
          0,
          0
        ],
        "branches": {}
      },
      "/home/alain/Bureau/Project_bamana/backend_rails/app/models/user.rb": {
        "lines": [
          0,
          0,
          0,
          null,
          0,
          0,
          0,
          0
        ],
        "branches": {}
      },
      "/home/alain/Bureau/Project_bamana/backend_rails/app/serializers/model_ex_serializer.rb": {
        "lines": [
          0,
          0,
          0
        ],
        "branches": {}
      },
      "/home/alain/Bureau/Project_bamana/backend_rails/app/serializers/post_serializer.rb": {
        "lines": [
          0,
          0,
          0,
          0
        ],
        "branches": {}
      },
      "/home/alain/Bureau/Project_bamana/backend_rails/app/serializers/user_serializer.rb": {
        "lines": [
          null,
          0,
          0,
          0
        ],
        "branches": {}
      }
    },
    "timestamp": 1746911317
  }
}
